Connecting to database specified by database.yml


Started GET "/admin/areas/1" for 127.0.0.1 at 2012-11-09 03:10:48 -0600
Processing by Admin::AreasController#show as HTML
  Parameters: {"id"=>"1"}
Completed 500 Internal Server Error in 104ms

ActiveRecord::StatementInvalid (Could not find table 'admin_users'):
  activerecord (3.2.8) lib/active_record/connection_adapters/sqlite_adapter.rb:472:in `table_structure'
  activerecord (3.2.8) lib/active_record/connection_adapters/sqlite_adapter.rb:346:in `columns'
  activerecord (3.2.8) lib/active_record/connection_adapters/schema_cache.rb:12:in `block in initialize'
  activerecord (3.2.8) lib/active_record/model_schema.rb:228:in `yield'
  activerecord (3.2.8) lib/active_record/model_schema.rb:228:in `default'
  activerecord (3.2.8) lib/active_record/model_schema.rb:228:in `columns'
  activerecord (3.2.8) lib/active_record/model_schema.rb:237:in `columns_hash'
  activerecord (3.2.8) lib/active_record/locking/optimistic.rb:129:in `locking_enabled?'
  activerecord (3.2.8) lib/active_record/relation.rb:170:in `exec_queries'
  activerecord (3.2.8) lib/active_record/relation.rb:160:in `block in to_a'
  activerecord (3.2.8) lib/active_record/explain.rb:40:in `logging_query_plan'
  activerecord (3.2.8) lib/active_record/relation.rb:159:in `to_a'
  activerecord (3.2.8) lib/active_record/relation/finder_methods.rb:378:in `find_first'
  activerecord (3.2.8) lib/active_record/relation/finder_methods.rb:122:in `first'
  orm_adapter (0.4.0) lib/orm_adapter/adapters/active_record.rb:17:in `get'
  devise (2.1.2) lib/devise/models/authenticatable.rb:183:in `serialize_from_session'
  devise (2.1.2) lib/devise/rails/warden_compat.rb:29:in `deserialize'
  warden (1.2.1) lib/warden/session_serializer.rb:35:in `fetch'
  warden (1.2.1) lib/warden/proxy.rb:212:in `user'
  warden (1.2.1) lib/warden/proxy.rb:318:in `_perform_authentication'
  warden (1.2.1) lib/warden/proxy.rb:127:in `authenticate!'
  devise (2.1.2) lib/devise/controllers/helpers.rb:48:in `authenticate_admin_user!'
  activeadmin (0.5.0) lib/active_admin/base_controller.rb:37:in `authenticate_active_admin_user'
  activesupport (3.2.8) lib/active_support/callbacks.rb:429:in `_run__2026120239060040428__process_action__2984690250484342424__callbacks'
  activesupport (3.2.8) lib/active_support/callbacks.rb:405:in `__run_callback'
  activesupport (3.2.8) lib/active_support/callbacks.rb:385:in `_run_process_action_callbacks'
  activesupport (3.2.8) lib/active_support/callbacks.rb:81:in `run_callbacks'
  actionpack (3.2.8) lib/abstract_controller/callbacks.rb:17:in `process_action'
  actionpack (3.2.8) lib/action_controller/metal/rescue.rb:29:in `process_action'
  actionpack (3.2.8) lib/action_controller/metal/instrumentation.rb:30:in `block in process_action'
  activesupport (3.2.8) lib/active_support/notifications.rb:123:in `block in instrument'
  activesupport (3.2.8) lib/active_support/notifications/instrumenter.rb:20:in `instrument'
  activesupport (3.2.8) lib/active_support/notifications.rb:123:in `instrument'
  actionpack (3.2.8) lib/action_controller/metal/instrumentation.rb:29:in `process_action'
  actionpack (3.2.8) lib/action_controller/metal/params_wrapper.rb:207:in `process_action'
  activerecord (3.2.8) lib/active_record/railties/controller_runtime.rb:18:in `process_action'
  actionpack (3.2.8) lib/abstract_controller/base.rb:121:in `process'
  actionpack (3.2.8) lib/abstract_controller/rendering.rb:45:in `process'
  actionpack (3.2.8) lib/action_controller/metal.rb:203:in `dispatch'
  actionpack (3.2.8) lib/action_controller/metal/rack_delegation.rb:14:in `dispatch'
  actionpack (3.2.8) lib/action_controller/metal.rb:246:in `block in action'
  actionpack (3.2.8) lib/action_dispatch/routing/route_set.rb:73:in `call'
  actionpack (3.2.8) lib/action_dispatch/routing/route_set.rb:73:in `dispatch'
  actionpack (3.2.8) lib/action_dispatch/routing/route_set.rb:36:in `call'
  journey (1.0.4) lib/journey/router.rb:68:in `block in call'
  journey (1.0.4) lib/journey/router.rb:56:in `each'
  journey (1.0.4) lib/journey/router.rb:56:in `call'
  actionpack (3.2.8) lib/action_dispatch/routing/route_set.rb:600:in `call'
  warden (1.2.1) lib/warden/manager.rb:35:in `block in call'
  warden (1.2.1) lib/warden/manager.rb:34:in `catch'
  warden (1.2.1) lib/warden/manager.rb:34:in `call'
  actionpack (3.2.8) lib/action_dispatch/middleware/best_standards_support.rb:17:in `call'
  rack (1.4.1) lib/rack/etag.rb:23:in `call'
  rack (1.4.1) lib/rack/conditionalget.rb:25:in `call'
  actionpack (3.2.8) lib/action_dispatch/middleware/head.rb:14:in `call'
  actionpack (3.2.8) lib/action_dispatch/middleware/params_parser.rb:21:in `call'
  actionpack (3.2.8) lib/action_dispatch/middleware/flash.rb:242:in `call'
  rack (1.4.1) lib/rack/session/abstract/id.rb:205:in `context'
  rack (1.4.1) lib/rack/session/abstract/id.rb:200:in `call'
  actionpack (3.2.8) lib/action_dispatch/middleware/cookies.rb:339:in `call'
  activerecord (3.2.8) lib/active_record/query_cache.rb:64:in `call'
  activerecord (3.2.8) lib/active_record/connection_adapters/abstract/connection_pool.rb:473:in `call'
  actionpack (3.2.8) lib/action_dispatch/middleware/callbacks.rb:28:in `block in call'
  activesupport (3.2.8) lib/active_support/callbacks.rb:405:in `_run__3831919095417819901__call__3676438730773107990__callbacks'
  activesupport (3.2.8) lib/active_support/callbacks.rb:405:in `__run_callback'
  activesupport (3.2.8) lib/active_support/callbacks.rb:385:in `_run_call_callbacks'
  activesupport (3.2.8) lib/active_support/callbacks.rb:81:in `run_callbacks'
  actionpack (3.2.8) lib/action_dispatch/middleware/callbacks.rb:27:in `call'
  actionpack (3.2.8) lib/action_dispatch/middleware/remote_ip.rb:31:in `call'
  actionpack (3.2.8) lib/action_dispatch/middleware/debug_exceptions.rb:16:in `call'
  actionpack (3.2.8) lib/action_dispatch/middleware/show_exceptions.rb:56:in `call'
  railties (3.2.8) lib/rails/rack/logger.rb:26:in `call_app'
  railties (3.2.8) lib/rails/rack/logger.rb:16:in `call'
  actionpack (3.2.8) lib/action_dispatch/middleware/request_id.rb:22:in `call'
  rack (1.4.1) lib/rack/methodoverride.rb:21:in `call'
  rack (1.4.1) lib/rack/runtime.rb:17:in `call'
  activesupport (3.2.8) lib/active_support/cache/strategy/local_cache.rb:72:in `call'
  rack (1.4.1) lib/rack/lock.rb:15:in `call'
  rack-cache (1.2) lib/rack/cache/context.rb:136:in `forward'
  rack-cache (1.2) lib/rack/cache/context.rb:245:in `fetch'
  rack-cache (1.2) lib/rack/cache/context.rb:185:in `lookup'
  rack-cache (1.2) lib/rack/cache/context.rb:66:in `call!'
  rack-cache (1.2) lib/rack/cache/context.rb:51:in `call'
  railties (3.2.8) lib/rails/engine.rb:479:in `call'
  railties (3.2.8) lib/rails/application.rb:223:in `call'
  rack (1.4.1) lib/rack/content_length.rb:14:in `call'
  railties (3.2.8) lib/rails/rack/log_tailer.rb:17:in `call'
  rack (1.4.1) lib/rack/handler/webrick.rb:59:in `service'
  /home/edd/.rvm/rubies/ruby-1.9.2-p320/lib/ruby/1.9.1/webrick/httpserver.rb:111:in `service'
  /home/edd/.rvm/rubies/ruby-1.9.2-p320/lib/ruby/1.9.1/webrick/httpserver.rb:70:in `run'
  /home/edd/.rvm/rubies/ruby-1.9.2-p320/lib/ruby/1.9.1/webrick/server.rb:183:in `block in start_thread'




Started GET "/" for 127.0.0.1 at 2012-11-09 03:10:54 -0600
Processing by PagesController#inicio as HTML
Completed 500 Internal Server Error in 2ms

ActiveRecord::StatementInvalid (Could not find table 'sections'):
  app/controllers/pages_controller.rb:4:in `inicio'


Connecting to database specified by database.yml
Compiled jquery.js  (6ms)  (pid 6425)
Compiled jquery-ui.js  (6ms)  (pid 6425)
Compiled jquery_ujs.js  (0ms)  (pid 6425)
Compiled active_admin/lib/namespace.js  (723ms)  (pid 6425)
Compiled active_admin/components/jquery.aa.checkbox-toggler.js  (245ms)  (pid 6425)
Compiled active_admin/components/jquery.aa.dropdown-menu.js  (261ms)  (pid 6425)
Compiled active_admin/components/jquery.aa.popover.js  (252ms)  (pid 6425)
Compiled active_admin/components/jquery.aa.table-checkbox-toggler.js  (321ms)  (pid 6425)
Compiled active_admin/pages/application.js  (401ms)  (pid 6425)
Compiled active_admin/pages/batch_actions.js  (365ms)  (pid 6425)
Compiled active_admin/application.js  (2687ms)  (pid 6425)
Compiled active_admin/base.js  (2892ms)  (pid 6425)
Compiled active_admin.js  (2922ms)  (pid 6425)
Connecting to database specified by database.yml
Compiled jquery.js  (7ms)  (pid 6533)
Compiled jquery-ui.js  (7ms)  (pid 6533)
Compiled jquery_ujs.js  (0ms)  (pid 6533)
Compiled active_admin/lib/namespace.js  (463ms)  (pid 6533)
Compiled active_admin/components/jquery.aa.checkbox-toggler.js  (286ms)  (pid 6533)
Compiled active_admin/components/jquery.aa.dropdown-menu.js  (285ms)  (pid 6533)
Compiled active_admin/components/jquery.aa.popover.js  (295ms)  (pid 6533)
Compiled active_admin/components/jquery.aa.table-checkbox-toggler.js  (388ms)  (pid 6533)
Compiled active_admin/pages/application.js  (387ms)  (pid 6533)
Compiled active_admin/pages/batch_actions.js  (375ms)  (pid 6533)
Compiled active_admin/application.js  (2776ms)  (pid 6533)
Compiled active_admin/base.js  (2931ms)  (pid 6533)
Compiled active_admin.js  (3033ms)  (pid 6533)
Compiled galeries.js  (300ms)  (pid 6533)
Compiled jquery.easing.js  (1ms)  (pid 6533)
Compiled pages.js  (579ms)  (pid 6533)
Compiled slide.js  (2ms)  (pid 6533)
Compiled tickets.js  (440ms)  (pid 6533)
Compiled application.js  (1448ms)  (pid 6533)
Compiled active_admin.css  (4530ms)  (pid 6533)
Compiled galeries.css  (2ms)  (pid 6533)
Compiled pages.css  (54ms)  (pid 6533)
Compiled scaffolds.css  (30ms)  (pid 6533)
Connecting to database specified by database.yml
Compiled jquery.js  (8ms)  (pid 6714)
Compiled jquery-ui.js  (6ms)  (pid 6714)
Compiled jquery_ujs.js  (0ms)  (pid 6714)
Compiled active_admin/lib/namespace.js  (4484ms)  (pid 6714)
Connecting to database specified by database.yml
Compiled jquery.js  (8ms)  (pid 6817)
Compiled jquery-ui.js  (6ms)  (pid 6817)
Connecting to database specified by database.yml
Compiled jquery.js  (9ms)  (pid 6838)
Connecting to database specified by database.yml
Compiled jquery.js  (8ms)  (pid 6853)
Connecting to database specified by database.yml
Compiled jquery.js  (11ms)  (pid 6875)
Compiled jquery-ui.js  (9ms)  (pid 6875)
Compiled jquery_ujs.js  (0ms)  (pid 6875)
Connecting to database specified by database.yml
Compiled jquery.js  (7ms)  (pid 6946)
Compiled jquery-ui.js  (6ms)  (pid 6946)
Compiled jquery_ujs.js  (0ms)  (pid 6946)
Compiled active_admin/lib/namespace.js  (677ms)  (pid 6946)
Compiled active_admin/components/jquery.aa.checkbox-toggler.js  (439ms)  (pid 6946)
Compiled active_admin/components/jquery.aa.dropdown-menu.js  (462ms)  (pid 6946)
Compiled active_admin/components/jquery.aa.popover.js  (421ms)  (pid 6946)
Compiled active_admin/components/jquery.aa.table-checkbox-toggler.js  (275ms)  (pid 6946)
Compiled active_admin/pages/application.js  (272ms)  (pid 6946)
Compiled active_admin/pages/batch_actions.js  (238ms)  (pid 6946)
Compiled active_admin/application.js  (2990ms)  (pid 6946)
Compiled active_admin/base.js  (3137ms)  (pid 6946)
Compiled active_admin.js  (3234ms)  (pid 6946)
Connecting to database specified by database.yml
Compiled jquery.js  (7ms)  (pid 7250)
Compiled jquery-ui.js  (10ms)  (pid 7250)
Compiled jquery_ujs.js  (0ms)  (pid 7250)
Compiled active_admin/lib/namespace.js  (413ms)  (pid 7250)
Compiled active_admin/components/jquery.aa.checkbox-toggler.js  (311ms)  (pid 7250)
Compiled active_admin/components/jquery.aa.dropdown-menu.js  (272ms)  (pid 7250)
Compiled active_admin/components/jquery.aa.popover.js  (293ms)  (pid 7250)
Compiled active_admin/components/jquery.aa.table-checkbox-toggler.js  (246ms)  (pid 7250)
Compiled active_admin/pages/application.js  (253ms)  (pid 7250)
Compiled active_admin/pages/batch_actions.js  (274ms)  (pid 7250)
Compiled active_admin/application.js  (2253ms)  (pid 7250)
Compiled active_admin/base.js  (2424ms)  (pid 7250)
Compiled active_admin.js  (2518ms)  (pid 7250)
Compiled galeries.js  (393ms)  (pid 7250)
Compiled jquery.easing.js  (1ms)  (pid 7250)
Compiled pages.js  (223ms)  (pid 7250)
Compiled slide.js  (1ms)  (pid 7250)
Compiled tickets.js  (220ms)  (pid 7250)
Compiled application.js  (927ms)  (pid 7250)
Compiled active_admin.css  (4691ms)  (pid 7250)
Compiled galeries.css  (2ms)  (pid 7250)
Compiled pages.css  (144ms)  (pid 7250)
Compiled scaffolds.css  (27ms)  (pid 7250)
Connecting to database specified by database.yml
Compiled jquery.js  (14ms)  (pid 7350)
Compiled jquery-ui.js  (6ms)  (pid 7350)
Compiled jquery_ujs.js  (0ms)  (pid 7350)
Compiled active_admin/lib/namespace.js  (411ms)  (pid 7350)
Compiled active_admin/components/jquery.aa.checkbox-toggler.js  (458ms)  (pid 7350)
Compiled active_admin/components/jquery.aa.dropdown-menu.js  (362ms)  (pid 7350)
Compiled active_admin/components/jquery.aa.popover.js  (410ms)  (pid 7350)
Compiled active_admin/components/jquery.aa.table-checkbox-toggler.js  (358ms)  (pid 7350)
Compiled active_admin/pages/application.js  (512ms)  (pid 7350)
Compiled active_admin/pages/batch_actions.js  (408ms)  (pid 7350)
Compiled active_admin/application.js  (3053ms)  (pid 7350)
Compiled active_admin/base.js  (3279ms)  (pid 7350)
Compiled active_admin.js  (3306ms)  (pid 7350)
Compiled galeries.js  (373ms)  (pid 7350)
Compiled jquery.easing.js  (3ms)  (pid 7350)
Compiled pages.js  (329ms)  (pid 7350)
Compiled slide.js  (2ms)  (pid 7350)
Compiled tickets.js  (351ms)  (pid 7350)
Compiled application.js  (1156ms)  (pid 7350)
Compiled active_admin.css  (6853ms)  (pid 7350)
Compiled galeries.css  (3ms)  (pid 7350)
Compiled pages.css  (255ms)  (pid 7350)
Compiled scaffolds.css  (45ms)  (pid 7350)
Connecting to database specified by database.yml
Compiled jquery.js  (7ms)  (pid 7506)
Compiled jquery-ui.js  (9ms)  (pid 7506)
Compiled jquery_ujs.js  (0ms)  (pid 7506)
Compiled active_admin/lib/namespace.js  (328ms)  (pid 7506)
Compiled active_admin/components/jquery.aa.checkbox-toggler.js  (479ms)  (pid 7506)
Compiled active_admin/components/jquery.aa.dropdown-menu.js  (357ms)  (pid 7506)
Compiled active_admin/components/jquery.aa.popover.js  (359ms)  (pid 7506)
Compiled active_admin/components/jquery.aa.table-checkbox-toggler.js  (501ms)  (pid 7506)
Compiled active_admin/pages/application.js  (586ms)  (pid 7506)
Compiled active_admin/pages/batch_actions.js  (385ms)  (pid 7506)
Compiled active_admin/application.js  (3122ms)  (pid 7506)
Compiled active_admin/base.js  (3328ms)  (pid 7506)
Compiled active_admin.js  (3352ms)  (pid 7506)
Compiled galeries.js  (524ms)  (pid 7506)
Compiled jquery.easing.js  (3ms)  (pid 7506)
Compiled pages.js  (362ms)  (pid 7506)
Compiled slide.js  (1ms)  (pid 7506)
Compiled tickets.js  (465ms)  (pid 7506)
Compiled application.js  (1457ms)  (pid 7506)
Compiled active_admin.css  (5177ms)  (pid 7506)
Compiled galeries.css  (3ms)  (pid 7506)
Compiled pages.css  (271ms)  (pid 7506)
Compiled scaffolds.css  (47ms)  (pid 7506)
Compiled slide.css  (156ms)  (pid 7506)
Compiled tickets.css  (6ms)  (pid 7506)
Compiled application.css  (566ms)  (pid 7506)
Compiled active_admin/print.css  (442ms)  (pid 7506)
Connecting to database specified by database.yml
Compiled jquery.js  (12ms)  (pid 7506)
Compiled jquery-ui.js  (6ms)  (pid 7506)
Compiled jquery_ujs.js  (0ms)  (pid 7506)
Compiled active_admin/lib/namespace.js  (534ms)  (pid 7506)
Compiled active_admin/components/jquery.aa.checkbox-toggler.js  (550ms)  (pid 7506)
Compiled active_admin/components/jquery.aa.dropdown-menu.js  (490ms)  (pid 7506)
Compiled active_admin/components/jquery.aa.popover.js  (551ms)  (pid 7506)
Compiled active_admin/components/jquery.aa.table-checkbox-toggler.js  (524ms)  (pid 7506)
Compiled active_admin/pages/application.js  (426ms)  (pid 7506)
Compiled active_admin/pages/batch_actions.js  (425ms)  (pid 7506)
Compiled active_admin/application.js  (3763ms)  (pid 7506)
Compiled active_admin/base.js  (4008ms)  (pid 7506)
Compiled active_admin.js  (4040ms)  (pid 7506)
Compiled galeries.js  (370ms)  (pid 7506)
Compiled jquery.easing.js  (1ms)  (pid 7506)
Compiled pages.js  (469ms)  (pid 7506)
Compiled slide.js  (5ms)  (pid 7506)
Compiled tickets.js  (405ms)  (pid 7506)
Compiled application.js  (1362ms)  (pid 7506)
Compiled active_admin.css  (6679ms)  (pid 7506)
Compiled galeries.css  (3ms)  (pid 7506)
Compiled pages.css  (119ms)  (pid 7506)
Compiled scaffolds.css  (38ms)  (pid 7506)
Compiled slide.css  (188ms)  (pid 7506)
Compiled tickets.css  (18ms)  (pid 7506)
Compiled application.css  (625ms)  (pid 7506)
Compiled active_admin/print.css  (492ms)  (pid 7506)
Connecting to database specified by database.yml
Compiled jquery.js  (127ms)  (pid 7705)
Compiled jquery-ui.js  (12ms)  (pid 7705)
Compiled jquery_ujs.js  (2ms)  (pid 7705)
Compiled active_admin/lib/namespace.js  (552ms)  (pid 7705)
Compiled active_admin/components/jquery.aa.checkbox-toggler.js  (576ms)  (pid 7705)
Compiled active_admin/components/jquery.aa.dropdown-menu.js  (582ms)  (pid 7705)
Compiled active_admin/components/jquery.aa.popover.js  (542ms)  (pid 7705)
Compiled active_admin/components/jquery.aa.table-checkbox-toggler.js  (501ms)  (pid 7705)
Compiled active_admin/pages/application.js  (496ms)  (pid 7705)
Compiled active_admin/pages/batch_actions.js  (509ms)  (pid 7705)
Compiled active_admin/application.js  (4052ms)  (pid 7705)
Compiled active_admin/base.js  (4309ms)  (pid 7705)
Compiled active_admin.js  (4333ms)  (pid 7705)
Compiled galeries.js  (502ms)  (pid 7705)
Compiled jquery.easing.js  (1ms)  (pid 7705)
Compiled pages.js  (434ms)  (pid 7705)
Compiled slide.js  (1ms)  (pid 7705)
Compiled tickets.js  (489ms)  (pid 7705)
Compiled application.js  (1526ms)  (pid 7705)
Compiled active_admin.css  (6884ms)  (pid 7705)
Compiled galeries.css  (3ms)  (pid 7705)
Compiled pages.css  (59ms)  (pid 7705)
Compiled scaffolds.css  (48ms)  (pid 7705)
Compiled slide.css  (177ms)  (pid 7705)
Compiled tickets.css  (2ms)  (pid 7705)
Compiled application.css  (407ms)  (pid 7705)
Compiled active_admin/print.css  (341ms)  (pid 7705)
Connecting to database specified by database.yml
Compiled jquery.js  (12ms)  (pid 7705)
Compiled jquery-ui.js  (112ms)  (pid 7705)
Compiled jquery_ujs.js  (0ms)  (pid 7705)
Compiled active_admin/lib/namespace.js  (474ms)  (pid 7705)
Compiled active_admin/components/jquery.aa.checkbox-toggler.js  (503ms)  (pid 7705)
Compiled active_admin/components/jquery.aa.dropdown-menu.js  (517ms)  (pid 7705)
Compiled active_admin/components/jquery.aa.popover.js  (552ms)  (pid 7705)
Compiled active_admin/components/jquery.aa.table-checkbox-toggler.js  (529ms)  (pid 7705)
Compiled active_admin/pages/application.js  (518ms)  (pid 7705)
Compiled active_admin/pages/batch_actions.js  (506ms)  (pid 7705)
Compiled active_admin/application.js  (3912ms)  (pid 7705)
Compiled active_admin/base.js  (4131ms)  (pid 7705)
Compiled active_admin.js  (4154ms)  (pid 7705)
Compiled galeries.js  (370ms)  (pid 7705)
Compiled jquery.easing.js  (1ms)  (pid 7705)
Compiled pages.js  (359ms)  (pid 7705)
Compiled slide.js  (1ms)  (pid 7705)
Compiled tickets.js  (388ms)  (pid 7705)
Compiled application.js  (1217ms)  (pid 7705)
Compiled active_admin.css  (6694ms)  (pid 7705)
Compiled galeries.css  (6ms)  (pid 7705)
Compiled pages.css  (101ms)  (pid 7705)
Compiled scaffolds.css  (39ms)  (pid 7705)
Compiled slide.css  (92ms)  (pid 7705)
Compiled tickets.css  (3ms)  (pid 7705)
Compiled application.css  (306ms)  (pid 7705)
Compiled active_admin/print.css  (329ms)  (pid 7705)
Connecting to database specified by database.yml
Compiled jquery.js  (88ms)  (pid 8169)
Compiled jquery-ui.js  (8ms)  (pid 8169)
Compiled jquery_ujs.js  (0ms)  (pid 8169)
Compiled active_admin/lib/namespace.js  (448ms)  (pid 8169)
Compiled active_admin/components/jquery.aa.checkbox-toggler.js  (371ms)  (pid 8169)
Compiled active_admin/components/jquery.aa.dropdown-menu.js  (294ms)  (pid 8169)
Compiled active_admin/components/jquery.aa.popover.js  (387ms)  (pid 8169)
Compiled active_admin/components/jquery.aa.table-checkbox-toggler.js  (338ms)  (pid 8169)
Compiled active_admin/pages/application.js  (356ms)  (pid 8169)
Compiled active_admin/pages/batch_actions.js  (401ms)  (pid 8169)
Compiled active_admin/application.js  (2797ms)  (pid 8169)
Compiled active_admin/base.js  (2979ms)  (pid 8169)
Compiled active_admin.js  (2997ms)  (pid 8169)
Compiled galeries.js  (272ms)  (pid 8169)
Compiled jquery.easing.js  (1ms)  (pid 8169)
Compiled pages.js  (214ms)  (pid 8169)
Compiled slide.js  (1ms)  (pid 8169)
Compiled tickets.js  (217ms)  (pid 8169)
Compiled application.js  (769ms)  (pid 8169)
Compiled active_admin.css  (4402ms)  (pid 8169)
Compiled galeries.css  (2ms)  (pid 8169)
Compiled pages.css  (42ms)  (pid 8169)
Compiled scaffolds.css  (29ms)  (pid 8169)
Compiled slide.css  (108ms)  (pid 8169)
Compiled tickets.css  (2ms)  (pid 8169)
Compiled application.css  (241ms)  (pid 8169)
Compiled active_admin/print.css  (225ms)  (pid 8169)
Connecting to database specified by database.yml
Compiled jquery.js  (7ms)  (pid 8169)
Compiled jquery-ui.js  (86ms)  (pid 8169)
Compiled jquery_ujs.js  (0ms)  (pid 8169)
Compiled active_admin/lib/namespace.js  (244ms)  (pid 8169)
Compiled active_admin/components/jquery.aa.checkbox-toggler.js  (268ms)  (pid 8169)
Compiled active_admin/components/jquery.aa.dropdown-menu.js  (288ms)  (pid 8169)
Compiled active_admin/components/jquery.aa.popover.js  (285ms)  (pid 8169)
Compiled active_admin/components/jquery.aa.table-checkbox-toggler.js  (270ms)  (pid 8169)
Compiled active_admin/pages/application.js  (244ms)  (pid 8169)
Compiled active_admin/pages/batch_actions.js  (275ms)  (pid 8169)
Compiled active_admin/application.js  (2044ms)  (pid 8169)
Compiled active_admin/base.js  (2194ms)  (pid 8169)
Compiled active_admin.js  (2209ms)  (pid 8169)
Compiled galeries.js  (312ms)  (pid 8169)
Compiled jquery.easing.js  (1ms)  (pid 8169)
Compiled pages.js  (292ms)  (pid 8169)
Compiled slide.js  (1ms)  (pid 8169)
Compiled tickets.js  (204ms)  (pid 8169)
Compiled application.js  (868ms)  (pid 8169)
Compiled active_admin.css  (5185ms)  (pid 8169)
Compiled galeries.css  (2ms)  (pid 8169)
Compiled pages.css  (35ms)  (pid 8169)
Compiled scaffolds.css  (21ms)  (pid 8169)
Compiled slide.css  (75ms)  (pid 8169)
Compiled tickets.css  (2ms)  (pid 8169)
Compiled application.css  (182ms)  (pid 8169)
Compiled active_admin/print.css  (246ms)  (pid 8169)
Connecting to database specified by database.yml
Compiled jquery.js  (86ms)  (pid 8603)
Compiled jquery-ui.js  (5ms)  (pid 8603)
Compiled jquery_ujs.js  (0ms)  (pid 8603)
Compiled active_admin/lib/namespace.js  (507ms)  (pid 8603)
Compiled active_admin/components/jquery.aa.checkbox-toggler.js  (349ms)  (pid 8603)
Compiled active_admin/components/jquery.aa.dropdown-menu.js  (357ms)  (pid 8603)
Compiled active_admin/components/jquery.aa.popover.js  (336ms)  (pid 8603)
Compiled active_admin/components/jquery.aa.table-checkbox-toggler.js  (316ms)  (pid 8603)
Compiled active_admin/pages/application.js  (302ms)  (pid 8603)
Compiled active_admin/pages/batch_actions.js  (317ms)  (pid 8603)
Compiled active_admin/application.js  (2657ms)  (pid 8603)
Compiled active_admin/base.js  (2807ms)  (pid 8603)
Compiled active_admin.js  (2825ms)  (pid 8603)
Compiled galeries.js  (209ms)  (pid 8603)
Compiled jquery.easing.js  (2ms)  (pid 8603)
Compiled pages.js  (217ms)  (pid 8603)
Compiled slide.js  (0ms)  (pid 8603)
Compiled tickets.js  (212ms)  (pid 8603)
Compiled application.js  (702ms)  (pid 8603)
Compiled active_admin.css  (4024ms)  (pid 8603)
Compiled galeries.css  (3ms)  (pid 8603)
Compiled pages.css  (34ms)  (pid 8603)
Compiled scaffolds.css  (22ms)  (pid 8603)
Compiled slide.css  (77ms)  (pid 8603)
Compiled tickets.css  (2ms)  (pid 8603)
Compiled application.css  (195ms)  (pid 8603)
Compiled active_admin/print.css  (201ms)  (pid 8603)
Connecting to database specified by database.yml
Compiled jquery.js  (7ms)  (pid 8603)
Compiled jquery-ui.js  (77ms)  (pid 8603)
Compiled jquery_ujs.js  (0ms)  (pid 8603)
Compiled active_admin/lib/namespace.js  (226ms)  (pid 8603)
Compiled active_admin/components/jquery.aa.checkbox-toggler.js  (255ms)  (pid 8603)
Compiled active_admin/components/jquery.aa.dropdown-menu.js  (445ms)  (pid 8603)
Compiled active_admin/components/jquery.aa.popover.js  (404ms)  (pid 8603)
Compiled active_admin/components/jquery.aa.table-checkbox-toggler.js  (365ms)  (pid 8603)
Compiled active_admin/pages/application.js  (340ms)  (pid 8603)
Compiled active_admin/pages/batch_actions.js  (373ms)  (pid 8603)
Compiled active_admin/application.js  (2586ms)  (pid 8603)
Compiled active_admin/base.js  (2750ms)  (pid 8603)
Compiled active_admin.js  (2766ms)  (pid 8603)
Compiled galeries.js  (233ms)  (pid 8603)
Compiled jquery.easing.js  (2ms)  (pid 8603)
Compiled pages.js  (243ms)  (pid 8603)
Compiled slide.js  (1ms)  (pid 8603)
Compiled tickets.js  (233ms)  (pid 8603)
Compiled application.js  (771ms)  (pid 8603)
Compiled active_admin.css  (3914ms)  (pid 8603)
Compiled galeries.css  (7ms)  (pid 8603)
Compiled pages.css  (35ms)  (pid 8603)
Compiled scaffolds.css  (21ms)  (pid 8603)
Compiled slide.css  (86ms)  (pid 8603)
Compiled tickets.css  (2ms)  (pid 8603)
Compiled application.css  (217ms)  (pid 8603)
Compiled active_admin/print.css  (213ms)  (pid 8603)
Connecting to database specified by database.yml
Compiled jquery.js  (107ms)  (pid 9265)
Compiled jquery-ui.js  (8ms)  (pid 9265)
Compiled jquery_ujs.js  (0ms)  (pid 9265)
Compiled active_admin/lib/namespace.js  (1007ms)  (pid 9265)
Compiled active_admin/components/jquery.aa.checkbox-toggler.js  (335ms)  (pid 9265)
Compiled active_admin/components/jquery.aa.dropdown-menu.js  (471ms)  (pid 9265)
Compiled active_admin/components/jquery.aa.popover.js  (447ms)  (pid 9265)
Compiled active_admin/components/jquery.aa.table-checkbox-toggler.js  (355ms)  (pid 9265)
Compiled active_admin/pages/application.js  (352ms)  (pid 9265)
Compiled active_admin/pages/batch_actions.js  (245ms)  (pid 9265)
Compiled active_admin/application.js  (3409ms)  (pid 9265)
Compiled active_admin/base.js  (3599ms)  (pid 9265)
Compiled active_admin.js  (3616ms)  (pid 9265)
Compiled galeries.js  (427ms)  (pid 9265)
Compiled jquery.easing.js  (1ms)  (pid 9265)
Compiled pages.js  (349ms)  (pid 9265)
Compiled slide.js  (1ms)  (pid 9265)
Compiled tickets.js  (369ms)  (pid 9265)
Compiled application.js  (1218ms)  (pid 9265)
Compiled active_admin.css  (5079ms)  (pid 9265)
Compiled galeries.css  (3ms)  (pid 9265)
Compiled pages.css  (39ms)  (pid 9265)
Compiled scaffolds.css  (25ms)  (pid 9265)
Compiled slide.css  (134ms)  (pid 9265)
Compiled tickets.css  (3ms)  (pid 9265)
Compiled application.css  (326ms)  (pid 9265)
Compiled active_admin/print.css  (248ms)  (pid 9265)
Connecting to database specified by database.yml
Compiled jquery.js  (8ms)  (pid 9265)
Compiled jquery-ui.js  (101ms)  (pid 9265)
Compiled jquery_ujs.js  (0ms)  (pid 9265)
Compiled active_admin/lib/namespace.js  (358ms)  (pid 9265)
Compiled active_admin/components/jquery.aa.checkbox-toggler.js  (269ms)  (pid 9265)
Compiled active_admin/components/jquery.aa.dropdown-menu.js  (390ms)  (pid 9265)
Compiled active_admin/components/jquery.aa.popover.js  (264ms)  (pid 9265)
Compiled active_admin/components/jquery.aa.table-checkbox-toggler.js  (255ms)  (pid 9265)
Compiled active_admin/pages/application.js  (301ms)  (pid 9265)
Compiled active_admin/pages/batch_actions.js  (309ms)  (pid 9265)
Compiled active_admin/application.js  (2323ms)  (pid 9265)
Compiled active_admin/base.js  (2541ms)  (pid 9265)
Compiled active_admin.js  (2558ms)  (pid 9265)
Compiled galeries.js  (221ms)  (pid 9265)
Compiled jquery.easing.js  (1ms)  (pid 9265)
Compiled pages.js  (232ms)  (pid 9265)
Compiled slide.js  (1ms)  (pid 9265)
Compiled tickets.js  (223ms)  (pid 9265)
Compiled application.js  (732ms)  (pid 9265)
Compiled active_admin.css  (4854ms)  (pid 9265)
Compiled galeries.css  (6ms)  (pid 9265)
Compiled pages.css  (60ms)  (pid 9265)
Compiled scaffolds.css  (30ms)  (pid 9265)
Compiled slide.css  (145ms)  (pid 9265)
Compiled tickets.css  (2ms)  (pid 9265)
Compiled application.css  (328ms)  (pid 9265)
Compiled active_admin/print.css  (189ms)  (pid 9265)
Connecting to database specified by database.yml
Compiled jquery.js  (5ms)  (pid 2768)
Compiled jquery-ui.js  (5ms)  (pid 2768)
Compiled jquery_ujs.js  (1ms)  (pid 2768)
Compiled active_admin/lib/namespace.js  (857ms)  (pid 2768)
Compiled active_admin/components/jquery.aa.checkbox-toggler.js  (322ms)  (pid 2768)
Compiled active_admin/components/jquery.aa.dropdown-menu.js  (331ms)  (pid 2768)
Compiled active_admin/components/jquery.aa.popover.js  (325ms)  (pid 2768)
Compiled active_admin/components/jquery.aa.table-checkbox-toggler.js  (289ms)  (pid 2768)
Compiled active_admin/pages/application.js  (204ms)  (pid 2768)
Compiled active_admin/pages/batch_actions.js  (216ms)  (pid 2768)
Compiled active_admin/application.js  (2630ms)  (pid 2768)
Compiled active_admin/base.js  (2780ms)  (pid 2768)
Compiled active_admin.js  (2796ms)  (pid 2768)
Compiled galeries.js  (380ms)  (pid 2768)
Compiled jquery.easing.js  (1ms)  (pid 2768)
Compiled pages.js  (345ms)  (pid 2768)
Compiled slide.js  (1ms)  (pid 2768)
Compiled tickets.js  (227ms)  (pid 2768)
Compiled application.js  (1044ms)  (pid 2768)
Compiled active_admin.css  (4735ms)  (pid 2768)
Compiled galeries.css  (3ms)  (pid 2768)
Compiled pages.css  (34ms)  (pid 2768)
Compiled scaffolds.css  (20ms)  (pid 2768)
Compiled slide.css  (77ms)  (pid 2768)
Compiled tickets.css  (2ms)  (pid 2768)
Compiled application.css  (196ms)  (pid 2768)
Compiled active_admin/print.css  (159ms)  (pid 2768)
Connecting to database specified by database.yml
Compiled jquery.js  (7ms)  (pid 2768)
Compiled jquery-ui.js  (5ms)  (pid 2768)
Compiled jquery_ujs.js  (1ms)  (pid 2768)
Compiled active_admin/lib/namespace.js  (236ms)  (pid 2768)
Compiled active_admin/components/jquery.aa.checkbox-toggler.js  (321ms)  (pid 2768)
Compiled active_admin/components/jquery.aa.dropdown-menu.js  (333ms)  (pid 2768)
Compiled active_admin/components/jquery.aa.popover.js  (391ms)  (pid 2768)
Compiled active_admin/components/jquery.aa.table-checkbox-toggler.js  (280ms)  (pid 2768)
Compiled active_admin/pages/application.js  (345ms)  (pid 2768)
Compiled active_admin/pages/batch_actions.js  (251ms)  (pid 2768)
Compiled active_admin/application.js  (2272ms)  (pid 2768)
Compiled active_admin/base.js  (2504ms)  (pid 2768)
Compiled active_admin.js  (2522ms)  (pid 2768)
Compiled galeries.js  (375ms)  (pid 2768)
Compiled jquery.easing.js  (1ms)  (pid 2768)
Compiled pages.js  (216ms)  (pid 2768)
Compiled slide.js  (1ms)  (pid 2768)
Compiled tickets.js  (224ms)  (pid 2768)
Compiled application.js  (880ms)  (pid 2768)
Compiled active_admin.css  (4696ms)  (pid 2768)
Compiled galeries.css  (2ms)  (pid 2768)
Compiled pages.css  (59ms)  (pid 2768)
Compiled scaffolds.css  (40ms)  (pid 2768)
Compiled slide.css  (131ms)  (pid 2768)
Compiled tickets.css  (3ms)  (pid 2768)
Compiled application.css  (294ms)  (pid 2768)
Compiled active_admin/print.css  (594ms)  (pid 2768)
Connecting to database specified by database.yml
Compiled jquery.js  (92ms)  (pid 2969)
Compiled jquery-ui.js  (8ms)  (pid 2969)
Compiled jquery_ujs.js  (0ms)  (pid 2969)
Compiled active_admin/lib/namespace.js  (841ms)  (pid 2969)
Compiled active_admin/components/jquery.aa.checkbox-toggler.js  (337ms)  (pid 2969)
Compiled active_admin/components/jquery.aa.dropdown-menu.js  (347ms)  (pid 2969)
Compiled active_admin/components/jquery.aa.popover.js  (328ms)  (pid 2969)
Compiled active_admin/components/jquery.aa.table-checkbox-toggler.js  (220ms)  (pid 2969)
Compiled active_admin/pages/application.js  (326ms)  (pid 2969)
Compiled active_admin/pages/batch_actions.js  (307ms)  (pid 2969)
Compiled active_admin/application.js  (2914ms)  (pid 2969)
Compiled active_admin/base.js  (3095ms)  (pid 2969)
Compiled active_admin.js  (3113ms)  (pid 2969)
Compiled galeries.js  (271ms)  (pid 2969)
Compiled jquery.easing.js  (1ms)  (pid 2969)
Compiled pages.js  (187ms)  (pid 2969)
Compiled slide.js  (1ms)  (pid 2969)
Compiled tickets.js  (195ms)  (pid 2969)
Compiled application.js  (723ms)  (pid 2969)
Compiled active_admin.css  (3496ms)  (pid 2969)
Compiled galeries.css  (2ms)  (pid 2969)
Compiled pages.css  (57ms)  (pid 2969)
Compiled scaffolds.css  (26ms)  (pid 2969)
Compiled slide.css  (112ms)  (pid 2969)
Compiled tickets.css  (2ms)  (pid 2969)
Compiled application.css  (278ms)  (pid 2969)
Compiled active_admin/print.css  (170ms)  (pid 2969)
Connecting to database specified by database.yml
Compiled jquery.js  (7ms)  (pid 2969)
Compiled jquery-ui.js  (78ms)  (pid 2969)
Compiled jquery_ujs.js  (0ms)  (pid 2969)
Compiled active_admin/lib/namespace.js  (206ms)  (pid 2969)
Compiled active_admin/components/jquery.aa.checkbox-toggler.js  (266ms)  (pid 2969)
Compiled active_admin/components/jquery.aa.dropdown-menu.js  (404ms)  (pid 2969)
Compiled active_admin/components/jquery.aa.popover.js  (349ms)  (pid 2969)
Compiled active_admin/components/jquery.aa.table-checkbox-toggler.js  (227ms)  (pid 2969)
Compiled active_admin/pages/application.js  (221ms)  (pid 2969)
Compiled active_admin/pages/batch_actions.js  (231ms)  (pid 2969)
Compiled active_admin/application.js  (2070ms)  (pid 2969)
Compiled active_admin/base.js  (2212ms)  (pid 2969)
Compiled active_admin.js  (2232ms)  (pid 2969)
Compiled galeries.js  (195ms)  (pid 2969)
Compiled jquery.easing.js  (1ms)  (pid 2969)
Compiled pages.js  (201ms)  (pid 2969)
Compiled slide.js  (0ms)  (pid 2969)
Compiled tickets.js  (200ms)  (pid 2969)
Compiled application.js  (650ms)  (pid 2969)
Compiled active_admin.css  (3583ms)  (pid 2969)
Compiled galeries.css  (2ms)  (pid 2969)
Compiled pages.css  (41ms)  (pid 2969)
Compiled scaffolds.css  (21ms)  (pid 2969)
Compiled slide.css  (80ms)  (pid 2969)
Compiled tickets.css  (2ms)  (pid 2969)
Compiled application.css  (193ms)  (pid 2969)
Compiled active_admin/print.css  (310ms)  (pid 2969)
Connecting to database specified by database.yml
Compiled jquery.js  (6ms)  (pid 3178)
Compiled jquery-ui.js  (5ms)  (pid 3178)
Compiled jquery_ujs.js  (0ms)  (pid 3178)
Compiled active_admin/lib/namespace.js  (219ms)  (pid 3178)
Compiled active_admin/components/jquery.aa.checkbox-toggler.js  (249ms)  (pid 3178)
Compiled active_admin/components/jquery.aa.dropdown-menu.js  (318ms)  (pid 3178)
Compiled active_admin/components/jquery.aa.popover.js  (400ms)  (pid 3178)
Compiled active_admin/components/jquery.aa.table-checkbox-toggler.js  (465ms)  (pid 3178)
Compiled active_admin/pages/application.js  (310ms)  (pid 3178)
Compiled active_admin/pages/batch_actions.js  (369ms)  (pid 3178)
Compiled active_admin/application.js  (2449ms)  (pid 3178)
Compiled active_admin/base.js  (2599ms)  (pid 3178)
Compiled active_admin.js  (2616ms)  (pid 3178)
Compiled galeries.js  (414ms)  (pid 3178)
Compiled jquery.easing.js  (1ms)  (pid 3178)
Compiled pages.js  (218ms)  (pid 3178)
Compiled slide.js  (1ms)  (pid 3178)
Compiled tickets.js  (210ms)  (pid 3178)
Compiled application.js  (909ms)  (pid 3178)
Compiled active_admin.css  (4878ms)  (pid 3178)
Compiled galeries.css  (3ms)  (pid 3178)
Compiled pages.css  (48ms)  (pid 3178)
Compiled scaffolds.css  (30ms)  (pid 3178)
Compiled slide.css  (116ms)  (pid 3178)
Compiled tickets.css  (3ms)  (pid 3178)
Compiled application.css  (262ms)  (pid 3178)
Compiled active_admin/print.css  (182ms)  (pid 3178)
Connecting to database specified by database.yml
Compiled jquery.js  (9ms)  (pid 3178)
Compiled jquery-ui.js  (8ms)  (pid 3178)
Compiled jquery_ujs.js  (3ms)  (pid 3178)
Compiled active_admin/lib/namespace.js  (352ms)  (pid 3178)
Compiled active_admin/components/jquery.aa.checkbox-toggler.js  (521ms)  (pid 3178)
Compiled active_admin/components/jquery.aa.dropdown-menu.js  (505ms)  (pid 3178)
Compiled active_admin/components/jquery.aa.popover.js  (449ms)  (pid 3178)
Compiled active_admin/components/jquery.aa.table-checkbox-toggler.js  (460ms)  (pid 3178)
Compiled active_admin/pages/application.js  (524ms)  (pid 3178)
Compiled active_admin/pages/batch_actions.js  (470ms)  (pid 3178)
Compiled active_admin/application.js  (3429ms)  (pid 3178)
Compiled active_admin/base.js  (3785ms)  (pid 3178)
Compiled active_admin.js  (3808ms)  (pid 3178)
Compiled galeries.js  (436ms)  (pid 3178)
Compiled jquery.easing.js  (1ms)  (pid 3178)
Compiled pages.js  (483ms)  (pid 3178)
Compiled slide.js  (1ms)  (pid 3178)
Compiled tickets.js  (281ms)  (pid 3178)
Compiled application.js  (1306ms)  (pid 3178)
Compiled active_admin.css  (5720ms)  (pid 3178)
Compiled galeries.css  (3ms)  (pid 3178)
Compiled pages.css  (51ms)  (pid 3178)
Compiled scaffolds.css  (40ms)  (pid 3178)
Compiled slide.css  (138ms)  (pid 3178)
Compiled tickets.css  (3ms)  (pid 3178)
Compiled application.css  (316ms)  (pid 3178)
Compiled active_admin/print.css  (650ms)  (pid 3178)
